2020-10-12 02:09:17 [scrapy.utils.log] INFO: Scrapy 1.8.0 started (bot: leslibraires)
2020-10-12 02:09:17 [scrapy.utils.log] INFO: Versions: lxml 4.4.2.0, libxml2 2.9.9, cssselect 1.1.0, parsel 1.5.2, w3lib 1.21.0, Twisted 19.10.0, Python 3.8.3 (default, May 17 2020, 18:15:42) - [GCC 10.1.0], pyOpenSSL 19.1.0 (OpenSSL 1.1.1d  10 Sep 2019), cryptography 2.8, Platform Linux-5.4.46-1-lts-x86_64-with-glibc2.2.5
2020-10-12 02:09:17 [scrapy.crawler] INFO: Overridden settings: {'BOT_NAME': 'leslibraires', 'CLOSESPIDER_PAGECOUNT': 1, 'EDITOR': '/usr/bin/nvim', 'LOG_FILE': 'logs/default/books_list/c7e503900c1611eb80f69cb6d01c8b93.log', 'NEWSPIDER_MODULE': 'leslibraires.spiders', 'RETRY_HTTP_CODES': [503], 'SPIDER_MODULES': ['leslibraires.spiders']}
2020-10-12 02:09:17 [scrapy.extensions.telnet] INFO: Telnet Password: 484e4d450854bec9
2020-10-12 02:09:17 [scrapy.middleware] INFO: Enabled extensions:
['scrapy.extensions.corestats.CoreStats',
 'scrapy.extensions.telnet.TelnetConsole',
 'scrapy.extensions.memusage.MemoryUsage',
 'scrapy.extensions.closespider.CloseSpider',
 'scrapy.extensions.logstats.LogStats']
2020-10-12 02:09:17 [scrapy.middleware] INFO: Enabled downloader middlewares:
['scrapy.downloadermiddlewares.httpauth.HttpAuthMiddleware',
 'scrapy.downloadermiddlewares.downloadtimeout.DownloadTimeoutMiddleware',
 'scrapy.downloadermiddlewares.defaultheaders.DefaultHeadersMiddleware',
 'scrapy.downloadermiddlewares.useragent.UserAgentMiddleware',
 'scrapy.downloadermiddlewares.retry.RetryMiddleware',
 'scrapy.downloadermiddlewares.redirect.MetaRefreshMiddleware',
 'scrapy.downloadermiddlewares.httpcompression.HttpCompressionMiddleware',
 'scrapy.downloadermiddlewares.redirect.RedirectMiddleware',
 'scrapy.downloadermiddlewares.cookies.CookiesMiddleware',
 'scrapy.downloadermiddlewares.httpproxy.HttpProxyMiddleware',
 'scrapy.downloadermiddlewares.stats.DownloaderStats']
2020-10-12 02:09:17 [scrapy.middleware] INFO: Enabled spider middlewares:
['scrapy.spidermiddlewares.httperror.HttpErrorMiddleware',
 'scrapy.spidermiddlewares.offsite.OffsiteMiddleware',
 'scrapy.spidermiddlewares.referer.RefererMiddleware',
 'scrapy.spidermiddlewares.urllength.UrlLengthMiddleware',
 'scrapy.spidermiddlewares.depth.DepthMiddleware']
2020-10-12 02:09:17 [scrapy.middleware] INFO: Enabled item pipelines:
['leslibraires.pipelines.BookPipeline',
 'leslibraires.pipelines.CsvBookWriterPipeline']
2020-10-12 02:09:17 [scrapy.core.engine] INFO: Spider opened
2020-10-12 02:09:17 [scrapy.extensions.logstats] INFO: Crawled 0 pages (at 0 pages/min), scraped 0 items (at 0 items/min)
2020-10-12 02:09:17 [scrapy.extensions.telnet] INFO: Telnet console listening on 127.0.0.1:6023
2020-10-12 02:09:17 [scrapy.downloadermiddlewares.retry] DEBUG: Retrying <GET https://www.leslibraires.fr/rayon/policiers-science-fiction-fantasy?f_price=5%2710%7C10%2720%7C20%2740%7C40%27-&f_shipping_delay=1> (failed 1 times): 503 Service Unavailable
2020-10-12 02:09:17 [scrapy.downloadermiddlewares.retry] DEBUG: Retrying <GET https://www.leslibraires.fr/rayon/livres-pratiques?f_price=5%2710%7C10%2720%7C20%2740%7C40%27-&f_shipping_delay=1> (failed 1 times): 503 Service Unavailable
2020-10-12 02:09:17 [scrapy.downloadermiddlewares.retry] DEBUG: Retrying <GET https://www.leslibraires.fr/rayon/livres-pour-enfants?f_price=5%2710%7C10%2720%7C20%2740%7C40%27-&f_shipping_delay=1> (failed 1 times): 503 Service Unavailable
2020-10-12 02:09:17 [scrapy.downloadermiddlewares.retry] DEBUG: Retrying <GET https://www.leslibraires.fr/rayon/romans-adolescents-jeunes-adultes?f_price=5%2710%7C10%2720%7C20%2740%7C40%27-&f_shipping_delay=1> (failed 1 times): 503 Service Unavailable
2020-10-12 02:09:17 [scrapy.downloadermiddlewares.retry] DEBUG: Retrying <GET https://www.leslibraires.fr/rayon/policiers-science-fiction-fantasy?f_price=5%2710%7C10%2720%7C20%2740%7C40%27-&f_shipping_delay=1> (failed 2 times): 503 Service Unavailable
2020-10-12 02:09:17 [scrapy.downloadermiddlewares.retry] DEBUG: Retrying <GET https://www.leslibraires.fr/rayon/livres-pratiques?f_price=5%2710%7C10%2720%7C20%2740%7C40%27-&f_shipping_delay=1> (failed 2 times): 503 Service Unavailable
2020-10-12 02:09:18 [scrapy.downloadermiddlewares.retry] DEBUG: Retrying <GET https://www.leslibraires.fr/rayon/romans-adolescents-jeunes-adultes?f_price=5%2710%7C10%2720%7C20%2740%7C40%27-&f_shipping_delay=1> (failed 2 times): 503 Service Unavailable
2020-10-12 02:09:18 [scrapy.downloadermiddlewares.retry] DEBUG: Gave up retrying <GET https://www.leslibraires.fr/rayon/policiers-science-fiction-fantasy?f_price=5%2710%7C10%2720%7C20%2740%7C40%27-&f_shipping_delay=1> (failed 3 times): 503 Service Unavailable
2020-10-12 02:09:18 [scrapy.core.engine] DEBUG: Crawled (503) <GET https://www.leslibraires.fr/rayon/policiers-science-fiction-fantasy?f_price=5%2710%7C10%2720%7C20%2740%7C40%27-&f_shipping_delay=1> (referer: None)
2020-10-12 02:09:18 [scrapy.core.engine] INFO: Closing spider (closespider_pagecount)
2020-10-12 02:09:18 [scrapy.downloadermiddlewares.retry] DEBUG: Gave up retrying <GET https://www.leslibraires.fr/rayon/livres-pratiques?f_price=5%2710%7C10%2720%7C20%2740%7C40%27-&f_shipping_delay=1> (failed 3 times): 503 Service Unavailable
2020-10-12 02:09:18 [scrapy.core.engine] DEBUG: Crawled (503) <GET https://www.leslibraires.fr/rayon/livres-pratiques?f_price=5%2710%7C10%2720%7C20%2740%7C40%27-&f_shipping_delay=1> (referer: None)
2020-10-12 02:09:18 [scrapy.spidermiddlewares.httperror] INFO: Ignoring response <503 https://www.leslibraires.fr/rayon/policiers-science-fiction-fantasy?f_price=5%2710%7C10%2720%7C20%2740%7C40%27-&f_shipping_delay=1>: HTTP status code is not handled or not allowed
2020-10-12 02:09:18 [scrapy.spidermiddlewares.httperror] INFO: Ignoring response <503 https://www.leslibraires.fr/rayon/livres-pratiques?f_price=5%2710%7C10%2720%7C20%2740%7C40%27-&f_shipping_delay=1>: HTTP status code is not handled or not allowed
2020-10-12 02:09:19 [scrapy.core.engine] DEBUG: Crawled (200) <GET https://www.leslibraires.fr/rayon/litterature?f_price=5%2710%7C10%2720%7C20%2740%7C40%27-&f_shipping_delay=1> (referer: None)
2020-10-12 02:09:19 [scrapy.core.engine] DEBUG: Crawled (200) <GET https://www.leslibraires.fr/rayon/savoirs?f_price=5%2710%7C10%2720%7C20%2740%7C40%27-&f_shipping_delay=1> (referer: None)
2020-10-12 02:09:19 [scrapy.core.engine] DEBUG: Crawled (200) <GET https://www.leslibraires.fr/rayon/bd-comics-mangas?f_price=5%2710%7C10%2720%7C20%2740%7C40%27-&f_shipping_delay=1> (referer: None)
2020-10-12 02:09:19 [scrapy.core.engine] DEBUG: Crawled (200) <GET https://www.leslibraires.fr/rayon/livres-pour-enfants?f_price=5%2710%7C10%2720%7C20%2740%7C40%27-&f_shipping_delay=1> (referer: None)
2020-10-12 02:09:19 [scrapy.core.engine] DEBUG: Crawled (200) <GET https://www.leslibraires.fr/rayon/arts-et-beaux-livres?f_price=5%2710%7C10%2720%7C20%2740%7C40%27-&f_shipping_delay=1> (referer: None)
2020-10-12 02:09:20 [scrapy.core.engine] DEBUG: Crawled (200) <GET https://www.leslibraires.fr/rayon/scolaire-et-universitaire?f_price=5%2710%7C10%2720%7C20%2740%7C40%27-&f_shipping_delay=1> (referer: None)
2020-10-12 02:09:20 [scrapy.core.engine] DEBUG: Crawled (200) <GET https://www.leslibraires.fr/rayon/livres-pour-enfants?f_price=5%2710%7C10%2720%7C20%2740%7C40%27-&f_shipping_delay=1> (referer: None)
2020-10-12 02:09:20 [scrapy.core.engine] DEBUG: Crawled (200) <GET https://www.leslibraires.fr/rayon/romans-adolescents-jeunes-adultes?f_price=5%2710%7C10%2720%7C20%2740%7C40%27-&f_shipping_delay=1> (referer: None)
2020-10-12 02:09:20 [scrapy.dupefilters] DEBUG: Filtered duplicate request: <GET https://www.leslibraires.fr/livre/14412935-la-boite-100-blagues-meyer-aurore-grund> - no more duplicates will be shown (see DUPEFILTER_DEBUG to show all duplicates)
2020-10-12 02:09:20 [scrapy.statscollectors] INFO: Dumping Scrapy stats:
{'downloader/request_bytes': 5261,
 'downloader/request_count': 17,
 'downloader/request_method_count/GET': 17,
 'downloader/response_bytes': 71997,
 'downloader/response_count': 17,
 'downloader/response_status_count/200': 8,
 'downloader/response_status_count/503': 9,
 'dupefilter/filtered': 10,
 'elapsed_time_seconds': 3.396914,
 'finish_reason': 'closespider_pagecount',
 'finish_time': datetime.datetime(2020, 10, 11, 23, 9, 20, 571674),
 'httperror/response_ignored_count': 2,
 'httperror/response_ignored_status_count/503': 2,
 'log_count/DEBUG': 20,
 'log_count/INFO': 12,
 'memusage/max': 59076608,
 'memusage/startup': 59076608,
 'request_depth_max': 1,
 'response_received_count': 10,
 'retry/count': 7,
 'retry/max_reached': 2,
 'retry/reason_count/503 Service Unavailable': 7,
 'scheduler/dequeued': 17,
 'scheduler/dequeued/memory': 17,
 'scheduler/enqueued': 73,
 'scheduler/enqueued/memory': 73,
 'start_time': datetime.datetime(2020, 10, 11, 23, 9, 17, 174760)}
2020-10-12 02:09:20 [scrapy.core.engine] INFO: Spider closed (closespider_pagecount)
