2020-10-12 14:49:05 [scrapy.utils.log] INFO: Scrapy 1.8.0 started (bot: leslibraires)
2020-10-12 14:49:05 [scrapy.utils.log] INFO: Versions: lxml 4.4.2.0, libxml2 2.9.9, cssselect 1.1.0, parsel 1.5.2, w3lib 1.21.0, Twisted 19.10.0, Python 3.8.3 (default, May 17 2020, 18:15:42) - [GCC 10.1.0], pyOpenSSL 19.1.0 (OpenSSL 1.1.1d  10 Sep 2019), cryptography 2.8, Platform Linux-5.4.46-1-lts-x86_64-with-glibc2.2.5
2020-10-12 14:49:05 [scrapy.crawler] INFO: Overridden settings: {'BOT_NAME': 'leslibraires', 'EDITOR': '/usr/bin/nvim', 'LOG_FILE': 'scrapy.log', 'NEWSPIDER_MODULE': 'leslibraires.spiders', 'RETRY_TIMES': 10, 'SPIDER_LOADER_WARN_ONLY': True, 'SPIDER_MODULES': ['leslibraires.spiders']}
2020-10-12 14:49:05 [scrapy.extensions.telnet] INFO: Telnet Password: 408ba74bfa41e2c9
2020-10-12 14:49:05 [scrapy.middleware] INFO: Enabled extensions:
['scrapy.extensions.corestats.CoreStats',
 'scrapy.extensions.telnet.TelnetConsole',
 'scrapy.extensions.memusage.MemoryUsage',
 'scrapy.extensions.logstats.LogStats']
2020-10-12 14:49:05 [scrapy.middleware] INFO: Enabled downloader middlewares:
['scrapy.downloadermiddlewares.httpauth.HttpAuthMiddleware',
 'scrapy.downloadermiddlewares.downloadtimeout.DownloadTimeoutMiddleware',
 'scrapy.downloadermiddlewares.defaultheaders.DefaultHeadersMiddleware',
 'scrapy.downloadermiddlewares.useragent.UserAgentMiddleware',
 'scrapy.downloadermiddlewares.retry.RetryMiddleware',
 'scrapy.downloadermiddlewares.redirect.MetaRefreshMiddleware',
 'scrapy.downloadermiddlewares.httpcompression.HttpCompressionMiddleware',
 'scrapy.downloadermiddlewares.redirect.RedirectMiddleware',
 'scrapy.downloadermiddlewares.cookies.CookiesMiddleware',
 'scrapy.downloadermiddlewares.httpproxy.HttpProxyMiddleware',
 'scrapy.downloadermiddlewares.stats.DownloaderStats']
2020-10-12 14:49:05 [scrapy.middleware] INFO: Enabled spider middlewares:
['scrapy.spidermiddlewares.httperror.HttpErrorMiddleware',
 'scrapy.spidermiddlewares.offsite.OffsiteMiddleware',
 'scrapy.spidermiddlewares.referer.RefererMiddleware',
 'scrapy.spidermiddlewares.urllength.UrlLengthMiddleware',
 'scrapy.spidermiddlewares.depth.DepthMiddleware']
2020-10-12 14:49:05 [scrapy.middleware] INFO: Enabled item pipelines:
['leslibraires.pipelines.BookPipeline',
 'leslibraires.pipelines.CsvBookWriterPipeline']
2020-10-12 14:49:05 [scrapy.core.engine] INFO: Spider opened
2020-10-12 14:49:05 [scrapy.extensions.logstats] INFO: Crawled 0 pages (at 0 pages/min), scraped 0 items (at 0 items/min)
2020-10-12 14:49:05 [scrapy.extensions.telnet] INFO: Telnet console listening on 127.0.0.1:6023
2020-10-12 14:49:06 [scrapy.downloadermiddlewares.retry] DEBUG: Retrying <GET https://www.leslibraires.fr/rayon/bd-comics-mangas?f_price=5%2710%7C10%2720%7C20%2740%7C40%27-&f_shipping_delay=1> (failed 1 times): 503 Service Unavailable
2020-10-12 14:49:06 [scrapy.downloadermiddlewares.retry] DEBUG: Retrying <GET https://www.leslibraires.fr/rayon/policiers-science-fiction-fantasy?f_price=5%2710%7C10%2720%7C20%2740%7C40%27-&f_shipping_delay=1> (failed 1 times): 503 Service Unavailable
2020-10-12 14:49:06 [scrapy.downloadermiddlewares.retry] DEBUG: Retrying <GET https://www.leslibraires.fr/rayon/livres-pour-enfants?f_price=5%2710%7C10%2720%7C20%2740%7C40%27-&f_shipping_delay=1> (failed 1 times): 503 Service Unavailable
2020-10-12 14:49:06 [scrapy.crawler] INFO: Received SIGINT, shutting down gracefully. Send again to force 
2020-10-12 14:49:06 [scrapy.downloadermiddlewares.retry] DEBUG: Retrying <GET https://www.leslibraires.fr/rayon/romans-adolescents-jeunes-adultes?f_price=5%2710%7C10%2720%7C20%2740%7C40%27-&f_shipping_delay=1> (failed 1 times): 503 Service Unavailable
2020-10-12 14:49:06 [scrapy.core.engine] INFO: Closing spider (shutdown)
2020-10-12 14:49:06 [scrapy.downloadermiddlewares.retry] DEBUG: Retrying <GET https://www.leslibraires.fr/rayon/bd-comics-mangas?f_price=5%2710%7C10%2720%7C20%2740%7C40%27-&f_shipping_delay=1> (failed 2 times): 503 Service Unavailable
2020-10-12 14:49:06 [scrapy.downloadermiddlewares.retry] DEBUG: Retrying <GET https://www.leslibraires.fr/rayon/policiers-science-fiction-fantasy?f_price=5%2710%7C10%2720%7C20%2740%7C40%27-&f_shipping_delay=1> (failed 2 times): 503 Service Unavailable
2020-10-12 14:49:06 [scrapy.crawler] INFO: Received SIGINT twice, forcing unclean shutdown
2020-10-12 14:49:06 [scrapy.downloadermiddlewares.retry] DEBUG: Retrying <GET https://www.leslibraires.fr/rayon/livres-pour-enfants?f_price=5%2710%7C10%2720%7C20%2740%7C40%27-&f_shipping_delay=1> (failed 1 times): [<twisted.python.failure.Failure twisted.internet.error.ConnectionLost: Connection to the other side was lost in a non-clean fashion: Connection lost.>]
2020-10-12 14:49:06 [scrapy.downloadermiddlewares.retry] DEBUG: Retrying <GET https://www.leslibraires.fr/rayon/savoirs?f_price=5%2710%7C10%2720%7C20%2740%7C40%27-&f_shipping_delay=1> (failed 1 times): [<twisted.python.failure.Failure twisted.internet.error.ConnectionLost: Connection to the other side was lost in a non-clean fashion: Connection lost.>]
2020-10-12 14:49:06 [scrapy.downloadermiddlewares.retry] DEBUG: Retrying <GET https://www.leslibraires.fr/rayon/livres-pratiques?f_price=5%2710%7C10%2720%7C20%2740%7C40%27-&f_shipping_delay=1> (failed 1 times): [<twisted.python.failure.Failure twisted.internet.error.ConnectionLost: Connection to the other side was lost in a non-clean fashion: Connection lost.>]
2020-10-12 14:49:06 [scrapy.downloadermiddlewares.retry] DEBUG: Retrying <GET https://www.leslibraires.fr/rayon/litterature?f_price=5%2710%7C10%2720%7C20%2740%7C40%27-&f_shipping_delay=1> (failed 1 times): [<twisted.python.failure.Failure twisted.internet.error.ConnectionLost: Connection to the other side was lost in a non-clean fashion: Connection lost.>]
2020-10-12 14:49:06 [scrapy.downloadermiddlewares.retry] DEBUG: Retrying <GET https://www.leslibraires.fr/rayon/arts-et-beaux-livres?f_price=5%2710%7C10%2720%7C20%2740%7C40%27-&f_shipping_delay=1> (failed 1 times): [<twisted.python.failure.Failure twisted.internet.error.ConnectionLost: Connection to the other side was lost in a non-clean fashion: Connection lost.>]
2020-10-12 14:49:06 [scrapy.downloadermiddlewares.retry] DEBUG: Retrying <GET https://www.leslibraires.fr/rayon/scolaire-et-universitaire?f_price=5%2710%7C10%2720%7C20%2740%7C40%27-&f_shipping_delay=1> (failed 1 times): [<twisted.python.failure.Failure twisted.internet.error.ConnectionLost: Connection to the other side was lost in a non-clean fashion: Connection lost.>]
